<?xml version="1.0" encoding="UTF-8" ?>
<testsuite tests="15" failures="14" name="LMS.BorrowerTest" time="0.034" errors="0" skipped="0">
  <properties>
[...]
</properties>
  <testcase classname="LMS.BorrowerTest" name="LMS.BorrowerTest.testRemoveBorrowedBookEmptyListTest" time="0.023">
    <failure message="Unexpected exception type thrown ==&gt; expected: &lt;java.lang.IllegalStateException&gt; but was: &lt;java.lang.NullPointerException&gt;" type="org.opentest4j.AssertionFailedError">org.opentest4j.AssertionFailedError: Unexpected exception type thrown ==&gt; expected: &lt;java.lang.IllegalStateException&gt; but was: &lt;java.lang.NullPointerException&gt;
	at org.junit.jupiter.api.AssertThrows.assertThrows(AssertThrows.java:65)
	at org.junit.jupiter.api.AssertThrows.assertThrows(AssertThrows.java:37)
	at org.junit.jupiter.api.Assertions.assertThrows(Assertions.java:2952)
	at LMS.BorrowerTest.testRemoveBorrowedBookEmptyListTest(BorrowerTest.java:141)
Caused by: java.lang.NullPointerException
	at LMS.BorrowerTest.lambda$testRemoveBorrowedBookEmptyListTest$0(BorrowerTest.java:142)
	at org.junit.jupiter.api.AssertThrows.assertThrows(AssertThrows.java:55)
	... 21 more
</failure>
  </testcase>
  <testcase classname="LMS.BorrowerTest" name="LMS.BorrowerTest.testRemoveBorremoveBorrowedBookRepeated" time="0">
    <failure type="java.lang.NullPointerException">java.lang.NullPointerException
	at LMS.BorrowerTest.testRemoveBorremoveBorrowedBookRepeated(BorrowerTest.java:164)
</failure>
  </testcase>
  <testcase classname="LMS.BorrowerTest" name="LMS.BorrowerTest.testAddBorrowedBookNormal" time="0">
    <failure type="java.lang.NullPointerException">java.lang.NullPointerException
	at LMS.BorrowerTest.testAddBorrowedBookNormal(BorrowerTest.java:89)
</failure>
  </testcase>
  <testcase classname="LMS.BorrowerTest" name="LMS.BorrowerTest.testAddBorrowedBookNull" time="0">
    <failure type="java.lang.NullPointerException">java.lang.NullPointerException
	at LMS.BorrowerTest.testAddBorrowedBookNull(BorrowerTest.java:101)
</failure>
  </testcase>
  <testcase classname="LMS.BorrowerTest" name="LMS.BorrowerTest.testAddBorrowedBookRepetitiveLoans" time="0">
    <failure type="java.lang.NullPointerException">java.lang.NullPointerException
	at LMS.BorrowerTest.testAddBorrowedBookRepetitiveLoans(BorrowerTest.java:113)
</failure>
  </testcase>
  <testcase classname="LMS.BorrowerTest" name="LMS.BorrowerTest.testRemoveBorrowedBookNormal" time="0">
    <failure type="java.lang.NullPointerException">java.lang.NullPointerException
	at LMS.BorrowerTest.testRemoveBorrowedBookNormal(BorrowerTest.java:127)
</failure>
  </testcase>
  <testcase classname="LMS.BorrowerTest" name="LMS.BorrowerTest.testRemoveBorrowedBookNull" time="0">
    <failure type="java.lang.NullPointerException">java.lang.NullPointerException
	at LMS.BorrowerTest.testRemoveBorrowedBookNull(BorrowerTest.java:152)
</failure>
  </testcase>
  <testcase classname="LMS.BorrowerTest" name="LMS.BorrowerTest.testAddHoldRequestNormal" time="0">
    <failure type="java.lang.NullPointerException">java.lang.NullPointerException
	at LMS.BorrowerTest.testAddHoldRequestNormal(BorrowerTest.java:181)
</failure>
  </testcase>
  <testcase classname="LMS.BorrowerTest" name="LMS.BorrowerTest.testAddHoldRequestNull" time="0"/>
  <testcase classname="LMS.BorrowerTest" name="LMS.BorrowerTest.testAddHoldRequestRepeated" time="0">
    <failure type="java.lang.NullPointerException">java.lang.NullPointerException
	at LMS.BorrowerTest.testAddHoldRequestRepeated(BorrowerTest.java:203)
</failure>
  </testcase>
  <testcase classname="LMS.BorrowerTest" name="LMS.BorrowerTest.testRemoveHoldRequestNormal" time="0.001">
    <failure type="java.lang.NullPointerException">java.lang.NullPointerException
	at LMS.BorrowerTest.testRemoveHoldRequestNormal(BorrowerTest.java:217)
</failure>
  </testcase>
  <testcase classname="LMS.BorrowerTest" name="LMS.BorrowerTest.testRemoveHoldRequestNull" time="0">
    <failure type="java.lang.NullPointerException">java.lang.NullPointerException
	at LMS.BorrowerTest.testRemoveHoldRequestNull(BorrowerTest.java:238)
</failure>
  </testcase>
  <testcase classname="LMS.BorrowerTest" name="LMS.BorrowerTest.testRemoveHoldRequestRepeated" time="0.001">
    <failure type="java.lang.NullPointerException">java.lang.NullPointerException
	at LMS.BorrowerTest.testRemoveHoldRequestRepeated(BorrowerTest.java:250)
</failure>
  </testcase>
  <testcase classname="LMS.BorrowerTest" name="LMS.BorrowerTest.testPrintInfoNormal" time="0.008">
    <failure type="java.lang.NullPointerException">java.lang.NullPointerException
	at LMS.BorrowerTest.testPrintInfoNormal(BorrowerTest.java:265)
</failure>
  </testcase>
  <testcase classname="LMS.BorrowerTest" name="LMS.BorrowerTest.testPrintInfoEmptyRecords" time="0.001">
    <failure type="java.lang.NullPointerException">java.lang.NullPointerException
	at LMS.BorrowerTest.testPrintInfoEmptyRecords(BorrowerTest.java:281)
</failure>
  </testcase>
</testsuite>